make.exe all --print-data-base --no-builtin-variables --no-builtin-rules --question
# GNU Make 3.81
# Copyright (C) 2006  Free Software Foundation, Inc.
# This is free software; see the source for copying conditions.
# There is NO warranty; not even for MERCHANTABILITY or FITNESS FOR A
# PARTICULAR PURPOSE.

# This program built for i386-pc-mingw32
 

# Make data base, printed on Thu Mar 03 22:29:15 2022

# Variables

# environment
POWERSHELL_DISTRIBUTION_CHANNEL = MSI:Windows 10 Home Single Language
# automatic
?F = $(notdir $?)
# automatic
<D = $(patsubst %/,%,$(dir $<))
# environment
ELECTRON_NO_ATTACH_CONSOLE = 1
# makefile
MAKEFLAGS = Rrqp
# environment
VSCODE_LOG_NATIVE = false
# automatic
?D = $(patsubst %/,%,$(dir $?))
# automatic
@D = $(patsubst %/,%,$(dir $@))
# environment
HOMEDRIVE = C:
# automatic
@F = $(notdir $@)
# automatic
^D = $(patsub 
st %/,%,$(dir $^))
# makefile
CURDIR := c:/Users/imarp/Documents/GitHub/M1_ProjectGoal_util
# default
SHELL := sh.exe
# environment
WINDIR = C:\WINDOWS
# environment
VSCODE_NLS_CONFIG = {"locale":"en-us","availableLanguages":{},"_languagePackSupport":true}
# environment
PYCHARM COMMUNITY EDITION = C:\Program Files\JetBrains\PyCharm Community Edition 2020.2.4\bin;
# environment
ONEDRIVE = C:\Users\imarp\OneDrive
# environment
QSYS_ROOTDIR = D:\intelFPGA_lite\20.1\quartus\sopc_builder\bin
# environment
PATHEXT = .COM;.EXE;.BAT;.CMD;.VBS;.VBE;.JS;.JSE;.WSF;.WSH;.MSC
# makefile
MAKEFILE_LIST := 
# environment
FPS_BROWSER_USER_PROFILE_STRING = Default
# environment
TMP = C:\Users\imarp\AppData\Local\Temp
# environment
VSCODE_VERBOSE_LOGGING = true
# environment
PROGRAMW6432 = C:\Program Files
# environment
PROGRAMDATA = C:\ProgramData
# environment
VSCODE_IPC_HOOK_EXTHOST = \\.\pipe\vscode-ipc-6e4ff6e3-5613-420a-9d05-9efd3e8f8a9a-sock
# environment
VSCODE_CWD = C:\WINDOWS\system32
# environment
PATH = C:\Program Files\Google\Chrome\Application;C:\Program Files (x86)\Common Files\Oracle\Java\javapath;C:\Windows\system32;C:\Windows;C:\Windows\System32\Wbem;C:\Windows\System32\WindowsPowerShell\v1.0\;C:\Windows\System32\OpenSSH\;C:\Program Files (x86)\NVIDIA Corporation\PhysX\Common;C:\Program Files\NVIDIA Corporation\NVIDIA NvDLISR;C:\msys64\mingw64\bin;D:\intelFPGA_lite\20.1\quartus\bin;C:\Program Files (x86)\nodejs\;C:\ProgramData\chocolatey\bin;C:\Program Files\Git\cmd;C:\Users\imarp\Documents\flutter\bin;D:\devopss\andriod_sdk\tools;D:\devopss\andriod_sdk\platform-tools;C:\Users\imarp\Documents\flutter\bin\sdk\platform-tools;C:\Users\imarp\Documents\flutter\bin\sdk\tools;C:\Users\imarp\AppData\Local\Pub\Cache\bin;C:\Users\imarp\Documents\flutter\bin\sdk\build-tools;C:\Program Files\Java\jre1.8.0_301\bin;C:\WINDOWS\system32;C:\WINDOWS;C:\WINDOWS\System32\Wbem;C:\WINDOWS\System32\WindowsPowerShell\v1.0\;C:\WINDOWS\System32\OpenSSH\;C:\Program Files\PowerShell\7\;C:\Users\imarp\AppData\Local\Microsoft\WindowsApps;C:\Program Files\scilab-6.1.0\bin;C:\Users\imarp\anaconda3\python;C:\Octave\Octave-5.2.0\mingw64\bin;C:\Users\imarp\AppData\Roaming\Python\Python38\Scripts;C:\Program Files\JetBrains\PyCharm Community Edition 2020.2.4\bin;C:\msys64\mingw64\bin;C:\Users\imarp\AppData\Local\Programs\Microsoft VS Code\bin;C:\Users\imarp\AppData\Roaming\npm;C:\Users\imarp\Documents\flutter\bin;D:\devopss\andriod_sdk\tools;D:\devopss\andriod_sdk\platform-tools;C:\Users\imarp\Documents\flutter\bin\sdk\platform-tools;C:\Users\imarp\Documents\flutter\bin\sdk\tools;C:\Users\imarp\Documents\flutter\bin\sdk\build-tools;C:\Program Files\Java\jre1.8.0_301\bin;C:\Users\imarp\AppData\Local\Pub\Cache\bin;C:\tools\dart-sdk\bin;C:\Users\imarp\AppData\Roaming\Pub\Cache\bin;C:\tools\dart-sdk;C:\Users\imarp\AppData\Local\gitkraken\bin;C:\ProgramData\imarp\GitHubDesktop\bin;C:\Users\imarp\AppData\Local\GitHubDesktop\bin;C:\Program Files (x86)\GnuWin32\bin;
# environment
COMMONPROGRAMW6432 = C:\Program Files\Common Files
# environment
CHOCOLATEYLASTPATHUPDATE = 132793635873049688
# environment
PROCESSOR_ARCHITECTURE = x86
# environment
USERPROFILE = C:\Users\imarp
# environment
CHOCOLATEYINSTALL = C:\ProgramData\chocolatey
# environment
ALLUSERSPROFILE = C:\ProgramData
# environment
SOPC_KIT_NIOS2 = C:\altera\13.0sp1\nios2eds
# environment
VSCODE_LOG_STACK = false
# environment
NUMBER_OF_PROCESSORS = 12
# environment
ELECTRON_RUN_AS_NODE = 1
# default
.FEATURES := target-specific order-only second-expansion else-if archives
# environment
ALTERAOCLSDKROOT = D:\altera\15.0\hld
# automatic
%F = $(notdir $%)
# environment
CHROME_CRASHPAD_PIPE_NAME = \\.\pipe\crashpad_10564_QXSEHVMFAUHKWMNC
# environment
VSCODE_PIPE_LOGGING = true
# environment
COMPUTERNAME = LAPTOP-RNKL0PBI
# environment
PROGRAMFILES = C:\Program Files (x86)
# environment
DRIVERDATA = C:\Windows\System32\Drivers\DriverData
# environment
ORIGINAL_XDG_CURRENT_DESKTOP = undefined
# environment
USERNAME = imarp
# environment
PYTHON = C:\Users\imarp\anaconda3\python
# environment
PUBLIC = C:\Users\Public
# environment
VSCODE_AMD_ENTRYPOINT = vs/workbench/services/extensions/node/extensionHostProcess
# environment
CHOCOLATEYTOOLSLOCATION = C:\tools
# environment
VSCODE_CLI = 1
# environment
VSCODE_CODE_CACHE_PATH = C:\Users\imarp\AppData\Roaming\Code\CachedData\f80445acd5a3dadef24aa209168452a3d97cc326
# environment
APPLICATION_INSIGHTS_NO_DIAGNOSTIC_CHANNEL = 1
# environment
COMMONPROGRAMFILES = C:\Program Files (x86)\Common Files
# environment
LOGONSERVER = \\LAPTOP-RNKL0PBI
# environment
VSCODE_HANDLES_UNCAUGHT_ERRORS = true
# environment
USERDOMAIN = LAPTOP-RNKL0PBI
# default
MAKE = $(MAKE_COMMAND)
# default
MAKECMDGOALS := all
# environment
LOCAL_GIT_DIRECTORY = C:\Users\imarp\AppData\Local\GitHubDesktop\app-2.9.9\resources\app\git
# environment
JAVA_HOME = C:\Program Files\Java\jre1.8.0_301
# default
MAKE_VERSION := 3.81
# makefile
.DEFAULT_GOAL := 
# environment
PROGRAMFILES(X86) = C:\Program Files (x86)
# automatic
%D = $(patsubst %/,%,$(dir $%))
# environment
LOCALAPPDATA = C:\Users\imarp\AppData\Local
# environment
PSMODULEPATH = C:\Program Files\WindowsPowerShell\Modules;C:\WINDOWS\system32\WindowsPowerShell\v1.0\Modules
# default
MAKE_COMMAND := make.exe
# environment
PROCESSOR_ARCHITEW6432 = AMD64
# default
.VARIABLES := 
# automatic
*F = $(notdir $*)
# environment
PROCESSOR_IDENTIFIER = AMD64 Family 23 Model 96 Stepping 1, AuthenticAMD
# environment
OS = Windows_NT
# environment
VSCODE_IPC_HOOK = \\.\pipe\f84c4d5f1216152af6c8861d433d620d-1.64.2-main-sock
# environment
HOMEPATH = \Users\imarp
# 
 environment
COMMONPROGRAMFILES(X86) = C:\Program Files (x86)\Common Files
# environment
PROMPT = $P$G
# environment
MFLAGS = -Rrqp
# automatic
*D = $(patsubst %/,%,$(dir $*))
# environment
SYSTEMROOT = C:\WINDOWS
# automatic
+D = $(patsubst %/,%,$(dir $+))
# automatic
+F = $(notdir $+)
# environment
APPDATA = C:\Users\imarp\AppData\Roaming
# environment
TEMP = C:\Users\imarp\AppData\Local\Temp
# environment
COMSPEC = C:\WINDOWS\system32\cmd.exe
# default
MAKEFILES := 
# environment
QUARTUS_ROOTDIR = C:\altera\13.0sp1\quartus
# automatic
<F = $(notdir $<)
# environment
LC_ALL = C
# automatic
^F = $(notdir $^)
# default
SUFFIXES := 
# environment
SYSTEMDRIVE = C:
# environment
SESSIONNAME = Console
# environment
PROCESSOR_REVISION = 6001
# environment
VBOX_HWVIRTEX_IGNORE_SVM_IN_USE = 1
# environment
MAKELEVEL := 0
# environment
LANG = C
# environment
PROCESSOR_LEVEL = 23
# environment
FPS_BROWSER_APP_PROFILE_STRING = Internet Explorer
# environment
VSCODE_PID = 10564
# environment
CHROME_RESTART = Google Chrome|Whoa! Google Chrome has crashed. Relaunch now?|LEFT_TO_RIGHT
# environment
USERDOMAIN_ROAMINGPROFILE = LAPTOP-RNKL0PBI
# variable set hash-table stats:
# Load=104/1024=10%, Rehash=0, Collisions=10/121=8%

# Pattern-specific Variable Values

# No pattern-specific variable values.

# Directories

# D:\intelFPGA_lite\20.1\quartus\bin: could not be stat'd.
# C:\Users\imarp\anaconda3\python: could not be stat'd.
# C:\Octave\Octave-5.2.0\mingw64\bin: could not be stat'd.
# C:\Windows\System32\WindowsPowerShell 
\v1.0\ (key C:/Windows/System32/WindowsPowerShell/v1.0/, mtime 1622898672): 30 files, no impossibilities.
# C:\Users\imarp\AppData\Local\GitHubDesktop\bin (key C:/Users/imarp/AppData/Local/GitHubDesktop/bin, mtime 1645104025): 4 files, no impossibilities.
# C:\Windows\System32\Wbem (key C:/Windows/System32/Wbem, mtime 1642149777): 155 files, no impossibilities.
# . (key c:/Users/imarp/Documents/GitHub/M1_ProjectGoal_util, mtime 1646323801): 13 files, no impossibilities.
# C:\Users\imarp\AppData\Local\Microsoft\WindowsApps (key C:/Users/imarp/AppData/Local/Microsoft/WindowsApps, mtime 1645870025): 32 files, no impossibilities.
# C:\Users\imarp\Documents\flutter\bin (key C:/Users/imarp/Documents/flutter/bin, mtime 1632253510): 9 files, no impossibilities.
# C:\Program Files (x86)\NVIDIA Corporation\PhysX\Common (key C:/Program Files (x86)/NVIDIA Corporation/PhysX/Common, mtime 1599521684): 10 files, no impossibilities.
# C:\ProgramData\chocolatey\bin (key C:/ProgramData/chocolatey/bin, mtime 1620801688): 13 files, no impossibilities.
# C:\tools\dart-sdk (key C:/tools/dart-sdk, mtime 1634073426): 10 files, no impossibilities.
# C:\Users\imarp\AppData\Local\gitkraken\bin (key C:/Users/imarp/AppData/Local/gitkraken/bin, mtime 1643097393): 3 files, no impossibilities.
# C:\Program Files\JetBrains\PyCharm Community Edition 2020.2.4\bin: could not be stat'd.
# C:\Program Files\Google\Chrome\Application (key C:/Program Files/Google/Chrome/Application, mtime 1644997050): 8 files, no impossibilities.
# C:\Users\imarp\Documents\flutter\bin\sdk\tools: could not be stat'd.
# C:\Program Files\PowerShell\7\ (key C:/Program Files/PowerShell/7/, mtime 1633547655): 471 files, no impossibilities.
# C:\Windows\System32\OpenSSH\: could not be stat'd.
# C:\Program Files\Java\jre1.8.0_301\bin (key C:/Program Files/Java/jre1.8.0_301/bin, mtime 1632251155): 130 files, no impossibilities.
# C:\Program Files (x86)\Common Files\Oracle\Java\javapath (key C:/Program Files (x86)/Common Files/Oracle/Java/javapath, mtime 1632251157): 5 files, no  
impossibilities.
# C:\Windows (key C:/Windows, mtime 1645622833): 149 files, no impossibilities.
# C:\ProgramData\imarp\GitHubDesktop\bin (key C:/ProgramData/imarp/GitHubDesktop/bin, mtime 1645104024): 4 files, no impossibilities.
# C:\Program Files\scilab-6.1.0\bin (key C:/Program Files/scilab-6.1.0/bin, mtime 1604326076): 232 files, no impossibilities.
# C:\Users\imarp\Documents\flutter\bin\sdk\platform-tools: could not be stat'd.
# C:\Users\imarp\AppData\Local\Pub\Cache\bin (key C:/Users/imarp/AppData/Local/Pub/Cache/bin, mtime 1641985079): 4 files, no impossibilities.
# C:\Program Files (x86)\nodejs\ (key C:/Program Files (x86)/nodejs/, mtime 1620801565): 11 files, no impossibilities.
# C:\tools\dart-sdk\bin (key C:/tools/dart-sdk/bin, mtime 1634073912): 15 files, no impossibilities.
# C:\msys64\mingw64\bin (key C:/msys64/mingw64/bin, mtime 1612859965): 174 files, no impossibilities.
# C:\Users\imarp\AppData\Roaming\Pub\Cache\bin: could not be stat'd.
# C:\Program Files\Git\cmd (key C:/Program Files/Git/cmd, mtime 1631607444): 8 files, no impossibilities.
# C:\Windows\system32 (key C:/Windows/system32, mtime 1646305471): 2998 files, no impossibilities.
# C:\Users\imarp\AppData\Local\Programs\Microsoft VS Code\bin (key C:/Users/imarp/AppData/Local/Programs/Microsoft VS Code/bin, mtime 1644554625): 4 files, no impossibilities.
# D:\devopss\andriod_sdk\tools (key D:/devopss/andriod_sdk/tools, mtime 1631868313): 14 files, no impossibilities.
# C:\Users\imarp\AppData\Roaming\Python\Python38\Scripts (key C:/Users 
/imarp/AppData/Roaming/Python/Python38/Scripts, mtime 1604342278): 3 files, no impossibilities.
# D:\devopss\andriod_sdk\platform-tools (key D:/devopss/andriod_sdk/platform-tools, mtime 1631868092): 19 files, no impossibilities.
# C:\Users\imarp\Documents\flutter\bin\sdk\build-tools: could not be stat'd.
# C:\Users\imarp\AppData\Roaming\npm (key C:/Users/imarp/AppData/Roaming/npm, mtime 1641985208): 6 files, no impossibilities.
# C:\Program Files\NVIDIA Corporation\NVIDIA NvDLISR (key C:/Program Files/NVIDIA Corporation/NVIDIA NvDLISR, mtime 1599521761): 5 files, no impossibilities.
# C:\Program Files (x86)\GnuWin32\bin (key C:/Program Files (x86)/GnuWin32/bin, mtime 1645119368): 5 files, no impossibilities.

# 4544 files, no impossibilities in 39 directories.

# Implicit Rules

# No implicit rules.

# Files

# Not a target:
all:
#  Command-line target.
#  Implicit rule search has been done.
#  File does not exist.
#  File has not been updated.
# variable set hash-table stats:
# Load=0/32=0%, Rehash=0, Collisions=0/0=0%

# Not a target:
.DEFAULT:
#  Implicit rule search has not been done.
#  Modification time never checked.
#  File has not been updated.

# Not a target:
makefile:
#  A default, MAKEFILES, or -include/sinclude makefile.
#  Implicit rule search has been done.
#  File does not exist.
#  File has been updated.
#  Failed to be updated.
# variable set hash-table stats:
# Load=0/32=0%, Rehash=0, Collisions=0/0=0%

# Not a target:
.SUFFIXES:
#  Implicit rule search has not been done.
#  Modification tim 
e never checked.
#  File has not been updated.

# Not a target:
GNUmakefile:
#  A default, MAKEFILES, or -include/sinclude makefile.
#  Implicit rule search has been done.
#  File does not exist.
#  File has been updated.
#  Failed to be updated.
# variable set hash-table stats:
# Load=0/32=0%, Rehash=0, Collisions=0/0=0%

# files hash-table stats:
# Load=5/1024=0%, Rehash=0, Collisions=0/16=0%
# VPATH Search Paths

# No `vpath' search paths.

# No general (`VPATH' variable) search path.

# # of strings in strcache: 0
# # of strcache buffers: 0
# strcache size: total = 0 / max = 0 / min = 4096 / avg = 0
# strcache free: total = 0 / max = 0 / min = 4096 / avg = 0

# Finished Make data base on Thu Mar 03 22:29:15 2022

 
make.exe: *** No rule to make target `all'.  Stop.
 
